<?xml version="1.0" encoding="UTF-8" ?>
<testsuite tests="4" failures="4" name="com.qa.IMS.ProductTest" time="0" errors="0" skipped="0">
  <properties>
[...]
</properties>
  <testcase classname="com.qa.IMS.ProductTest" name="com.qa.IMS.ProductTest.testGetId" time="0">
    <failure message="expected: &lt;1&gt; but was: &lt;0&gt;" type="org.opentest4j.AssertionFailedError">org.opentest4j.AssertionFailedError: expected: &lt;1&gt; but was: &lt;0&gt;
	at org.junit.jupiter.api.AssertionUtils.fail(AssertionUtils.java:55)
	at org.junit.jupiter.api.AssertionUtils.failNotEqual(AssertionUtils.java:62)
	at org.junit.jupiter.api.AssertEquals.assertEquals(AssertEquals.java:150)
	at org.junit.jupiter.api.AssertEquals.assertEquals(AssertEquals.java:145)
	at org.junit.jupiter.api.Assertions.assertEquals(Assertions.java:527)
	at com.qa.IMS.ProductTest.testGetId(ProductTest.java:33)
</failure>
  </testcase>
  <testcase classname="com.qa.IMS.ProductTest" name="com.qa.IMS.ProductTest.testGetCategory" time="0">
    <failure message="expected: &lt;Chocolate&gt; but was: &lt;null&gt;" type="org.opentest4j.AssertionFailedError">org.opentest4j.AssertionFailedError: expected: &lt;Chocolate&gt; but was: &lt;null&gt;
	at org.junit.jupiter.api.AssertionUtils.fail(AssertionUtils.java:55)
	at org.junit.jupiter.api.AssertionUtils.failNotEqual(AssertionUtils.java:62)
	at org.junit.jupiter.api.AssertEquals.assertEquals(AssertEquals.java:182)
	at org.junit.jupiter.api.AssertEquals.assertEquals(AssertEquals.java:177)
	at org.junit.jupiter.api.Assertions.assertEquals(Assertions.java:1141)
	at com.qa.IMS.ProductTest.testGetCategory(ProductTest.java:43)
</failure>
  </testcase>
  <testcase classname="com.qa.IMS.ProductTest" name="com.qa.IMS.ProductTest.testGetPrice" time="0">
    <failure message="expected: &lt;0.5&gt; but was: &lt;null&gt;" type="org.opentest4j.AssertionFailedError">org.opentest4j.AssertionFailedError: expected: &lt;0.5&gt; but was: &lt;null&gt;
	at org.junit.jupiter.api.AssertionUtils.fail(AssertionUtils.java:55)
	at org.junit.jupiter.api.AssertionUtils.failNotEqual(AssertionUtils.java:62)
	at org.junit.jupiter.api.AssertEquals.assertEquals(AssertEquals.java:182)
	at org.junit.jupiter.api.AssertEquals.assertEquals(AssertEquals.java:177)
	at org.junit.jupiter.api.Assertions.assertEquals(Assertions.java:1141)
	at com.qa.IMS.ProductTest.testGetPrice(ProductTest.java:48)
</failure>
  </testcase>
  <testcase classname="com.qa.IMS.ProductTest" name="com.qa.IMS.ProductTest.testGetName" time="0">
    <failure message="expected: &lt;Bounty&gt; but was: &lt;null&gt;" type="org.opentest4j.AssertionFailedError">org.opentest4j.AssertionFailedError: expected: &lt;Bounty&gt; but was: &lt;null&gt;
	at org.junit.jupiter.api.AssertionUtils.fail(AssertionUtils.java:55)
	at org.junit.jupiter.api.AssertionUtils.failNotEqual(AssertionUtils.java:62)
	at org.junit.jupiter.api.AssertEquals.assertEquals(AssertEquals.java:182)
	at org.junit.jupiter.api.AssertEquals.assertEquals(AssertEquals.java:177)
	at org.junit.jupiter.api.Assertions.assertEquals(Assertions.java:1141)
	at com.qa.IMS.ProductTest.testGetName(ProductTest.java:38)
</failure>
  </testcase>
</testsuite>